d:\b\》sw_proj_advancedlangrepo《\c\国家开放大学\1\c语言概述\c语言概述\x64\debug\vc143.pdb
d:\b\》sw_proj_advancedlangrepo《\c\国家开放大学\1\c语言概述\c语言概述\x64\debug\vc143.idb
d:\b\》sw_proj_advancedlangrepo《\c\国家开放大学\1\c语言概述\c语言概述\x64\debug\example.obj
d:\b\》sw_proj_advancedlangrepo《\c\国家开放大学\1\c语言概述\c语言概述\x64\debug\main.obj
d:\b\》sw_proj_advancedlangrepo《\c\国家开放大学\1\c语言概述\c语言概述\x64\debug\c语言概述.ilk
d:\b\》sw_proj_advancedlangrepo《\c\国家开放大学\1\c语言概述\x64\debug\c语言概述.pdb
d:\b\》sw_proj_advancedlangrepo《\c\国家开放大学\1\c语言概述\c语言概述\x64\debug\c语言概述.tlog\cl.command.1.tlog
d:\b\》sw_proj_advancedlangrepo《\c\国家开放大学\1\c语言概述\c语言概述\x64\debug\c语言概述.tlog\cl.items.tlog
d:\b\》sw_proj_advancedlangrepo《\c\国家开放大学\1\c语言概述\c语言概述\x64\debug\c语言概述.tlog\cl.read.1.tlog
d:\b\》sw_proj_advancedlangrepo《\c\国家开放大学\1\c语言概述\c语言概述\x64\debug\c语言概述.tlog\cl.write.1.tlog
d:\b\》sw_proj_advancedlangrepo《\c\国家开放大学\1\c语言概述\c语言概述\x64\debug\c语言概述.tlog\link-cvtres.read.1.tlog
d:\b\》sw_proj_advancedlangrepo《\c\国家开放大学\1\c语言概述\c语言概述\x64\debug\c语言概述.tlog\link-cvtres.write.1.tlog
d:\b\》sw_proj_advancedlangrepo《\c\国家开放大学\1\c语言概述\c语言概述\x64\debug\c语言概述.tlog\link-rc.read.1.tlog
d:\b\》sw_proj_advancedlangrepo《\c\国家开放大学\1\c语言概述\c语言概述\x64\debug\c语言概述.tlog\link-rc.write.1.tlog
d:\b\》sw_proj_advancedlangrepo《\c\国家开放大学\1\c语言概述\c语言概述\x64\debug\c语言概述.tlog\link.16404-cvtres.read.1.tlog
d:\b\》sw_proj_advancedlangrepo《\c\国家开放大学\1\c语言概述\c语言概述\x64\debug\c语言概述.tlog\link.16404-cvtres.write.1.tlog
d:\b\》sw_proj_advancedlangrepo《\c\国家开放大学\1\c语言概述\c语言概述\x64\debug\c语言概述.tlog\link.16404-rc.read.1.tlog
d:\b\》sw_proj_advancedlangrepo《\c\国家开放大学\1\c语言概述\c语言概述\x64\debug\c语言概述.tlog\link.16404-rc.write.1.tlog
d:\b\》sw_proj_advancedlangrepo《\c\国家开放大学\1\c语言概述\c语言概述\x64\debug\c语言概述.tlog\link.16404.read.1.tlog
d:\b\》sw_proj_advancedlangrepo《\c\国家开放大学\1\c语言概述\c语言概述\x64\debug\c语言概述.tlog\link.16404.read.3.tlog
d:\b\》sw_proj_advancedlangrepo《\c\国家开放大学\1\c语言概述\c语言概述\x64\debug\c语言概述.tlog\link.16404.write.1.tlog
d:\b\》sw_proj_advancedlangrepo《\c\国家开放大学\1\c语言概述\c语言概述\x64\debug\c语言概述.tlog\link.command.1.tlog
d:\b\》sw_proj_advancedlangrepo《\c\国家开放大学\1\c语言概述\c语言概述\x64\debug\c语言概述.tlog\link.read.1.tlog
d:\b\》sw_proj_advancedlangrepo《\c\国家开放大学\1\c语言概述\c语言概述\x64\debug\c语言概述.tlog\link.read.2.tlog
d:\b\》sw_proj_advancedlangrepo《\c\国家开放大学\1\c语言概述\c语言概述\x64\debug\c语言概述.tlog\link.secondary.1.tlog
d:\b\》sw_proj_advancedlangrepo《\c\国家开放大学\1\c语言概述\c语言概述\x64\debug\c语言概述.tlog\link.write.1.tlog
